2025-06-23 18:56:09,958 - INFO - Successfully extracted frames from caviar_Rest_InChair.mp4 to C:\Users\Trisha\GitHub\Capstone-project-25\extracted_frames\sitting\caviar_Rest_InChair
2025-06-23 18:56:10,063 - INFO - Successfully extracted frames from meva_2018-03-07.17-35-00.17-40-00.school.G330_person_sitting_down_0.mp4 to C:\Users\Trisha\GitHub\Capstone-project-25\extracted_frames\sitting\meva_2018-03-07.17-35-00.17-40-00.school.G330_person_sitting_down_0
2025-06-23 18:56:10,156 - INFO - Successfully extracted frames from meva_2018-03-09.10-10-00.10-15-00.school.G330_person_sitting_down_0.mp4 to C:\Users\Trisha\GitHub\Capstone-project-25\extracted_frames\sitting\meva_2018-03-09.10-10-00.10-15-00.school.G330_person_sitting_down_0
2025-06-23 18:56:10,294 - INFO - Successfully extracted frames from meva_2018-03-11.11-25-00.11-30-00.bus.G508_person_sitting_down_0.mp4 to C:\Users\Trisha\GitHub\Capstone-project-25\extracted_frames\sitting\meva_2018-03-11.11-25-00.11-30-00.bus.G508_person_sitting_down_0
2025-06-23 18:56:10,417 - INFO - Successfully extracted frames from meva_2018-03-11.14-20-00.14-25-00.school.G299_person_sitting_down_0.mp4 to C:\Users\Trisha\GitHub\Capstone-project-25\extracted_frames\sitting\meva_2018-03-11.14-20-00.14-25-00.school.G299_person_sitting_down_0
2025-06-23 18:56:10,542 - INFO - Successfully extracted frames from meva_2018-03-11.16-25-00.16-30-00.school.G299_person_sitting_down_0.mp4 to C:\Users\Trisha\GitHub\Capstone-project-25\extracted_frames\sitting\meva_2018-03-11.16-25-00.16-30-00.school.G299_person_sitting_down_0
2025-06-23 18:56:10,669 - INFO - Successfully extracted frames from meva_2018-03-11.16-30-00.16-35-00.school.G330_person_sitting_down_0.mp4 to C:\Users\Trisha\GitHub\Capstone-project-25\extracted_frames\sitting\meva_2018-03-11.16-30-00.16-35-00.school.G330_person_sitting_down_0
2025-06-23 18:56:10,798 - INFO - Successfully extracted frames from meva_2018-03-12.10-40-00.10-45-00.school.G299_person_sitting_down_0.mp4 to C:\Users\Trisha\GitHub\Capstone-project-25\extracted_frames\sitting\meva_2018-03-12.10-40-00.10-45-00.school.G299_person_sitting_down_0
2025-06-23 18:56:10,923 - INFO - Successfully extracted frames from meva_2018-03-12.11-00-00.11-05-00.school.G299_person_sitting_down_0.mp4 to C:\Users\Trisha\GitHub\Capstone-project-25\extracted_frames\sitting\meva_2018-03-12.11-00-00.11-05-00.school.G299_person_sitting_down_0
2025-06-23 18:56:11,057 - INFO - Successfully extracted frames from meva_2018-03-13.16-16-02.16-20-00.school.G421_person_sitting_down_0.mp4 to C:\Users\Trisha\GitHub\Capstone-project-25\extracted_frames\sitting\meva_2018-03-13.16-16-02.16-20-00.school.G421_person_sitting_down_0
2025-06-23 18:56:11,219 - INFO - Successfully extracted frames from meva_2018-03-13.16-25-00.16-26-26.school.G421_person_sitting_down_0.mp4 to C:\Users\Trisha\GitHub\Capstone-project-25\extracted_frames\sitting\meva_2018-03-13.16-25-00.16-26-26.school.G421_person_sitting_down_0
2025-06-23 18:56:11,344 - INFO - Successfully extracted frames from meva_2018-03-13.16-26-28.16-30-00.school.G421_person_sitting_down_0.mp4 to C:\Users\Trisha\GitHub\Capstone-project-25\extracted_frames\sitting\meva_2018-03-13.16-26-28.16-30-00.school.G421_person_sitting_down_0
2025-06-23 18:56:11,473 - INFO - Successfully extracted frames from meva_2018-03-13.16-30-00.16-32-53.school.G421_person_sitting_down_0.mp4 to C:\Users\Trisha\GitHub\Capstone-project-25\extracted_frames\sitting\meva_2018-03-13.16-30-00.16-32-53.school.G421_person_sitting_down_0
2025-06-23 18:56:11,583 - INFO - Successfully extracted frames from meva_2018-03-13.17-16-48.17-20-00.school.G421_person_sitting_down_0.mp4 to C:\Users\Trisha\GitHub\Capstone-project-25\extracted_frames\sitting\meva_2018-03-13.17-16-48.17-20-00.school.G421_person_sitting_down_0
2025-06-23 18:56:11,722 - INFO - Successfully extracted frames from meva_2018-03-13.17-24-36.17-25-00.school.G421_person_sitting_down_0.mp4 to C:\Users\Trisha\GitHub\Capstone-project-25\extracted_frames\sitting\meva_2018-03-13.17-24-36.17-25-00.school.G421_person_sitting_down_0
2025-06-23 18:56:11,947 - INFO - Successfully extracted frames from casia_angleview_p01p02_rob_a1.mp4 to C:\Users\Trisha\GitHub\Capstone-project-25\extracted_frames\stealing\casia_angleview_p01p02_rob_a1
2025-06-23 18:56:12,124 - INFO - Successfully extracted frames from casia_angleview_p03p10_rob_a1.mp4 to C:\Users\Trisha\GitHub\Capstone-project-25\extracted_frames\stealing\casia_angleview_p03p10_rob_a1
2025-06-23 18:56:12,318 - INFO - Successfully extracted frames from casia_angleview_p04p06_rob_a1.mp4 to C:\Users\Trisha\GitHub\Capstone-project-25\extracted_frames\stealing\casia_angleview_p04p06_rob_a1
2025-06-23 18:56:12,508 - INFO - Successfully extracted frames from casia_angleview_p05p06_rob_a1.mp4 to C:\Users\Trisha\GitHub\Capstone-project-25\extracted_frames\stealing\casia_angleview_p05p06_rob_a1
2025-06-23 18:56:12,671 - INFO - Successfully extracted frames from casia_horizontalview_p01p02_rob_a1.mp4 to C:\Users\Trisha\GitHub\Capstone-project-25\extracted_frames\stealing\casia_horizontalview_p01p02_rob_a1
2025-06-23 18:56:12,856 - INFO - Successfully extracted frames from casia_horizontalview_p04p06_rob_a1.mp4 to C:\Users\Trisha\GitHub\Capstone-project-25\extracted_frames\stealing\casia_horizontalview_p04p06_rob_a1
2025-06-23 18:56:13,062 - INFO - Successfully extracted frames from casia_horizontalview_p05p06_rob_a1.mp4 to C:\Users\Trisha\GitHub\Capstone-project-25\extracted_frames\stealing\casia_horizontalview_p05p06_rob_a1
2025-06-23 18:56:13,308 - INFO - Successfully extracted frames from casia_topdownview_p01p02_rob_a1.mp4 to C:\Users\Trisha\GitHub\Capstone-project-25\extracted_frames\stealing\casia_topdownview_p01p02_rob_a1
2025-06-23 18:56:13,515 - INFO - Successfully extracted frames from casia_topdownview_p03p10_rob_a1.mp4 to C:\Users\Trisha\GitHub\Capstone-project-25\extracted_frames\stealing\casia_topdownview_p03p10_rob_a1
2025-06-23 18:56:13,666 - INFO - Successfully extracted frames from casia_topdownview_p04p06_rob_a1.mp4 to C:\Users\Trisha\GitHub\Capstone-project-25\extracted_frames\stealing\casia_topdownview_p04p06_rob_a1
2025-06-23 18:56:13,846 - INFO - Successfully extracted frames from casia_topdownview_p05p06_rob_a1.mp4 to C:\Users\Trisha\GitHub\Capstone-project-25\extracted_frames\stealing\casia_topdownview_p05p06_rob_a1
2025-06-23 18:56:15,632 - INFO - Successfully extracted frames from livevid_robbery0.mp4 to C:\Users\Trisha\GitHub\Capstone-project-25\extracted_frames\stealing\livevid_robbery0
2025-06-23 18:56:16,876 - INFO - Successfully extracted frames from livevid_robbery1.mp4 to C:\Users\Trisha\GitHub\Capstone-project-25\extracted_frames\stealing\livevid_robbery1
2025-06-23 18:56:22,137 - INFO - Successfully extracted frames from livevid_robbery2.mp4 to C:\Users\Trisha\GitHub\Capstone-project-25\extracted_frames\stealing\livevid_robbery2
2025-06-23 18:56:29,015 - INFO - Successfully extracted frames from livevid_robbery3.mp4 to C:\Users\Trisha\GitHub\Capstone-project-25\extracted_frames\stealing\livevid_robbery3
2025-06-23 18:56:29,231 - INFO - Successfully extracted frames from casia_angleview_p02_car_a1.mp4 to C:\Users\Trisha\GitHub\Capstone-project-25\extracted_frames\vandalizing\casia_angleview_p02_car_a1
2025-06-23 18:56:29,560 - INFO - Successfully extracted frames from casia_angleview_p08_car_a1.mp4 to C:\Users\Trisha\GitHub\Capstone-project-25\extracted_frames\vandalizing\casia_angleview_p08_car_a1
2025-06-23 18:56:29,742 - INFO - Successfully extracted frames from casia_angleview_p09_car_a1.mp4 to C:\Users\Trisha\GitHub\Capstone-project-25\extracted_frames\vandalizing\casia_angleview_p09_car_a1
2025-06-23 18:56:29,951 - INFO - Successfully extracted frames from casia_angleview_p24_car_a1.mp4 to C:\Users\Trisha\GitHub\Capstone-project-25\extracted_frames\vandalizing\casia_angleview_p24_car_a1
2025-06-23 18:56:30,124 - INFO - Successfully extracted frames from casia_horizontalview_p01_car_a1.mp4 to C:\Users\Trisha\GitHub\Capstone-project-25\extracted_frames\vandalizing\casia_horizontalview_p01_car_a1
2025-06-23 18:56:30,327 - INFO - Successfully extracted frames from casia_horizontalview_p02_car_a1.mp4 to C:\Users\Trisha\GitHub\Capstone-project-25\extracted_frames\vandalizing\casia_horizontalview_p02_car_a1
2025-06-23 18:56:30,512 - INFO - Successfully extracted frames from casia_horizontalview_p08_car_a1.mp4 to C:\Users\Trisha\GitHub\Capstone-project-25\extracted_frames\vandalizing\casia_horizontalview_p08_car_a1
2025-06-23 18:56:30,692 - INFO - Successfully extracted frames from casia_horizontalview_p09_car_a1.mp4 to C:\Users\Trisha\GitHub\Capstone-project-25\extracted_frames\vandalizing\casia_horizontalview_p09_car_a1
2025-06-23 18:56:30,883 - INFO - Successfully extracted frames from casia_horizontalview_p24_car_a1.mp4 to C:\Users\Trisha\GitHub\Capstone-project-25\extracted_frames\vandalizing\casia_horizontalview_p24_car_a1
2025-06-23 18:56:31,130 - INFO - Successfully extracted frames from casia_topdownview_p01_car_a1.mp4 to C:\Users\Trisha\GitHub\Capstone-project-25\extracted_frames\vandalizing\casia_topdownview_p01_car_a1
2025-06-23 18:56:31,376 - INFO - Successfully extracted frames from casia_topdownview_p02_car_a1.mp4 to C:\Users\Trisha\GitHub\Capstone-project-25\extracted_frames\vandalizing\casia_topdownview_p02_car_a1
2025-06-23 18:56:31,624 - INFO - Successfully extracted frames from casia_topdownview_p08_car_a1.mp4 to C:\Users\Trisha\GitHub\Capstone-project-25\extracted_frames\vandalizing\casia_topdownview_p08_car_a1
2025-06-23 18:56:31,857 - INFO - Successfully extracted frames from casia_topdownview_p09_car_a1.mp4 to C:\Users\Trisha\GitHub\Capstone-project-25\extracted_frames\vandalizing\casia_topdownview_p09_car_a1
2025-06-23 18:56:32,058 - INFO - Successfully extracted frames from casia_topdownview_p24_car_a1.mp4 to C:\Users\Trisha\GitHub\Capstone-project-25\extracted_frames\vandalizing\casia_topdownview_p24_car_a1
2025-06-23 18:56:33,439 - INFO - Successfully extracted frames from livevid_vandalism.mp4 to C:\Users\Trisha\GitHub\Capstone-project-25\extracted_frames\vandalizing\livevid_vandalism
2025-06-23 18:56:33,658 - INFO - Successfully extracted frames from casia_angleview_p01_jump_a1.mp4 to C:\Users\Trisha\GitHub\Capstone-project-25\extracted_frames\running\casia_angleview_p01_jump_a1
2025-06-23 18:56:33,811 - INFO - Successfully extracted frames from casia_angleview_p01_jump_a2.mp4 to C:\Users\Trisha\GitHub\Capstone-project-25\extracted_frames\running\casia_angleview_p01_jump_a2
2025-06-23 18:56:33,959 - INFO - Successfully extracted frames from casia_angleview_p01_run_a1.mp4 to C:\Users\Trisha\GitHub\Capstone-project-25\extracted_frames\running\casia_angleview_p01_run_a1
2025-06-23 18:56:34,099 - INFO - Successfully extracted frames from casia_angleview_p01_run_a2.mp4 to C:\Users\Trisha\GitHub\Capstone-project-25\extracted_frames\running\casia_angleview_p01_run_a2
2025-06-23 18:56:34,271 - INFO - Successfully extracted frames from casia_angleview_p02_jump_a1.mp4 to C:\Users\Trisha\GitHub\Capstone-project-25\extracted_frames\running\casia_angleview_p02_jump_a1
2025-06-23 18:56:34,413 - INFO - Successfully extracted frames from casia_angleview_p02_jump_a2.mp4 to C:\Users\Trisha\GitHub\Capstone-project-25\extracted_frames\running\casia_angleview_p02_jump_a2
2025-06-23 18:56:34,552 - INFO - Successfully extracted frames from casia_angleview_p02_run_a1.mp4 to C:\Users\Trisha\GitHub\Capstone-project-25\extracted_frames\running\casia_angleview_p02_run_a1
2025-06-23 18:56:34,697 - INFO - Successfully extracted frames from casia_angleview_p02_run_a2.mp4 to C:\Users\Trisha\GitHub\Capstone-project-25\extracted_frames\running\casia_angleview_p02_run_a2
2025-06-23 18:56:34,846 - INFO - Successfully extracted frames from casia_angleview_p03_jump_a1.mp4 to C:\Users\Trisha\GitHub\Capstone-project-25\extracted_frames\running\casia_angleview_p03_jump_a1
2025-06-23 18:56:35,025 - INFO - Successfully extracted frames from casia_angleview_p03_jump_a2.mp4 to C:\Users\Trisha\GitHub\Capstone-project-25\extracted_frames\running\casia_angleview_p03_jump_a2
2025-06-23 18:56:35,170 - INFO - Successfully extracted frames from casia_angleview_p03_run_a1.mp4 to C:\Users\Trisha\GitHub\Capstone-project-25\extracted_frames\running\casia_angleview_p03_run_a1
2025-06-23 18:56:35,323 - INFO - Successfully extracted frames from casia_angleview_p03_run_a2.mp4 to C:\Users\Trisha\GitHub\Capstone-project-25\extracted_frames\running\casia_angleview_p03_run_a2
2025-06-23 18:56:35,479 - INFO - Successfully extracted frames from casia_angleview_p04_jump_a1.mp4 to C:\Users\Trisha\GitHub\Capstone-project-25\extracted_frames\running\casia_angleview_p04_jump_a1
2025-06-23 18:56:35,657 - INFO - Successfully extracted frames from casia_angleview_p04_jump_a2.mp4 to C:\Users\Trisha\GitHub\Capstone-project-25\extracted_frames\running\casia_angleview_p04_jump_a2
2025-06-23 18:56:35,800 - INFO - Successfully extracted frames from casia_angleview_p04_run_a1.mp4 to C:\Users\Trisha\GitHub\Capstone-project-25\extracted_frames\running\casia_angleview_p04_run_a1
2025-06-23 18:56:36,734 - INFO - Successfully extracted frames from livevid_crash0.mp4 to C:\Users\Trisha\GitHub\Capstone-project-25\extracted_frames\carcrash\livevid_crash0
2025-06-23 18:56:37,669 - INFO - Successfully extracted frames from livevid_crash1.mp4 to C:\Users\Trisha\GitHub\Capstone-project-25\extracted_frames\carcrash\livevid_crash1
2025-06-23 18:56:54,436 - INFO - Successfully extracted frames from livevid_crash2.mp4 to C:\Users\Trisha\GitHub\Capstone-project-25\extracted_frames\carcrash\livevid_crash2
2025-06-23 18:57:07,663 - INFO - Successfully extracted frames from livevid_crash3.mp4 to C:\Users\Trisha\GitHub\Capstone-project-25\extracted_frames\carcrash\livevid_crash3
2025-06-23 18:57:14,377 - INFO - Successfully extracted frames from livevid_crash4.mp4 to C:\Users\Trisha\GitHub\Capstone-project-25\extracted_frames\carcrash\livevid_crash4
2025-06-23 18:57:18,657 - INFO - Successfully extracted frames from livevid_crash5.mp4 to C:\Users\Trisha\GitHub\Capstone-project-25\extracted_frames\carcrash\livevid_crash5
2025-06-23 18:57:28,039 - INFO - Successfully extracted frames from livevid_crash6.mp4 to C:\Users\Trisha\GitHub\Capstone-project-25\extracted_frames\carcrash\livevid_crash6
2025-06-23 18:57:28,353 - INFO - Successfully extracted frames from uccrime_RoadAccidents001_x264.mp4 to C:\Users\Trisha\GitHub\Capstone-project-25\extracted_frames\carcrash\uccrime_RoadAccidents001_x264
2025-06-23 18:57:28,585 - INFO - Successfully extracted frames from uccrime_RoadAccidents002_x264.mp4 to C:\Users\Trisha\GitHub\Capstone-project-25\extracted_frames\carcrash\uccrime_RoadAccidents002_x264
2025-06-23 18:57:28,829 - INFO - Successfully extracted frames from uccrime_RoadAccidents003_x264.mp4 to C:\Users\Trisha\GitHub\Capstone-project-25\extracted_frames\carcrash\uccrime_RoadAccidents003_x264
2025-06-23 18:57:29,002 - INFO - Successfully extracted frames from uccrime_RoadAccidents004_x264.mp4 to C:\Users\Trisha\GitHub\Capstone-project-25\extracted_frames\carcrash\uccrime_RoadAccidents004_x264
2025-06-23 18:57:29,146 - INFO - Successfully extracted frames from uccrime_RoadAccidents005_x264.mp4 to C:\Users\Trisha\GitHub\Capstone-project-25\extracted_frames\carcrash\uccrime_RoadAccidents005_x264
2025-06-23 18:57:29,436 - INFO - Successfully extracted frames from uccrime_RoadAccidents006_x264.mp4 to C:\Users\Trisha\GitHub\Capstone-project-25\extracted_frames\carcrash\uccrime_RoadAccidents006_x264
2025-06-23 18:57:29,709 - INFO - Successfully extracted frames from uccrime_RoadAccidents007_x264.mp4 to C:\Users\Trisha\GitHub\Capstone-project-25\extracted_frames\carcrash\uccrime_RoadAccidents007_x264
2025-06-23 18:57:29,926 - INFO - Successfully extracted frames from uccrime_RoadAccidents008_x264.mp4 to C:\Users\Trisha\GitHub\Capstone-project-25\extracted_frames\carcrash\uccrime_RoadAccidents008_x264
2025-06-23 18:57:30,043 - INFO - Successfully extracted frames from bitint_kick_0001.mp4 to C:\Users\Trisha\GitHub\Capstone-project-25\extracted_frames\kicking\bitint_kick_0001
2025-06-23 18:57:30,142 - INFO - Successfully extracted frames from bitint_kick_0002.mp4 to C:\Users\Trisha\GitHub\Capstone-project-25\extracted_frames\kicking\bitint_kick_0002
2025-06-23 18:57:30,240 - INFO - Successfully extracted frames from bitint_kick_0003.mp4 to C:\Users\Trisha\GitHub\Capstone-project-25\extracted_frames\kicking\bitint_kick_0003
2025-06-23 18:57:30,291 - ERROR - Error processing bitint_kick_0004.mp4: Command '['ffmpeg', '-i', 'C:\\Users\\Trisha\\GitHub\\Capstone-project-25\\SPHAR-Dataset\\videos\\kicking\\bitint_kick_0004.mp4', '-vf', 'fps=1', 'C:\\Users\\Trisha\\GitHub\\Capstone-project-25\\extracted_frames\\kicking\\bitint_kick_0004\\frame_%04d.jpg']' returned non-zero exit status 4294967274.
2025-06-23 18:57:30,386 - INFO - Successfully extracted frames from bitint_kick_0005.mp4 to C:\Users\Trisha\GitHub\Capstone-project-25\extracted_frames\kicking\bitint_kick_0005
2025-06-23 18:57:30,457 - INFO - Successfully extracted frames from bitint_kick_0006.mp4 to C:\Users\Trisha\GitHub\Capstone-project-25\extracted_frames\kicking\bitint_kick_0006
2025-06-23 18:57:30,558 - INFO - Successfully extracted frames from bitint_kick_0007.mp4 to C:\Users\Trisha\GitHub\Capstone-project-25\extracted_frames\kicking\bitint_kick_0007
2025-06-23 18:57:30,601 - ERROR - Error processing bitint_kick_0008.mp4: Command '['ffmpeg', '-i', 'C:\\Users\\Trisha\\GitHub\\Capstone-project-25\\SPHAR-Dataset\\videos\\kicking\\bitint_kick_0008.mp4', '-vf', 'fps=1', 'C:\\Users\\Trisha\\GitHub\\Capstone-project-25\\extracted_frames\\kicking\\bitint_kick_0008\\frame_%04d.jpg']' returned non-zero exit status 3199971767.
2025-06-23 18:57:30,647 - ERROR - Error processing bitint_kick_0009.mp4: Command '['ffmpeg', '-i', 'C:\\Users\\Trisha\\GitHub\\Capstone-project-25\\SPHAR-Dataset\\videos\\kicking\\bitint_kick_0009.mp4', '-vf', 'fps=1', 'C:\\Users\\Trisha\\GitHub\\Capstone-project-25\\extracted_frames\\kicking\\bitint_kick_0009\\frame_%04d.jpg']' returned non-zero exit status 3199971767.
2025-06-23 18:57:30,743 - INFO - Successfully extracted frames from bitint_kick_0010.mp4 to C:\Users\Trisha\GitHub\Capstone-project-25\extracted_frames\kicking\bitint_kick_0010
2025-06-23 18:57:30,842 - INFO - Successfully extracted frames from bitint_kick_0011.mp4 to C:\Users\Trisha\GitHub\Capstone-project-25\extracted_frames\kicking\bitint_kick_0011
2025-06-23 18:57:30,945 - INFO - Successfully extracted frames from bitint_kick_0012.mp4 to C:\Users\Trisha\GitHub\Capstone-project-25\extracted_frames\kicking\bitint_kick_0012
2025-06-23 18:57:31,013 - INFO - Successfully extracted frames from bitint_kick_0013.mp4 to C:\Users\Trisha\GitHub\Capstone-project-25\extracted_frames\kicking\bitint_kick_0013
2025-06-23 18:57:31,145 - INFO - Successfully extracted frames from bitint_kick_0014.mp4 to C:\Users\Trisha\GitHub\Capstone-project-25\extracted_frames\kicking\bitint_kick_0014
2025-06-23 18:57:31,248 - INFO - Successfully extracted frames from bitint_kick_0015.mp4 to C:\Users\Trisha\GitHub\Capstone-project-25\extracted_frames\kicking\bitint_kick_0015
2025-06-23 18:57:31,408 - INFO - Successfully extracted frames from bitint_bend_0001.mp4 to C:\Users\Trisha\GitHub\Capstone-project-25\extracted_frames\neutral\bitint_bend_0001
2025-06-23 18:57:31,491 - INFO - Successfully extracted frames from bitint_bend_0002.mp4 to C:\Users\Trisha\GitHub\Capstone-project-25\extracted_frames\neutral\bitint_bend_0002
2025-06-23 18:57:31,598 - INFO - Successfully extracted frames from bitint_bend_0003.mp4 to C:\Users\Trisha\GitHub\Capstone-project-25\extracted_frames\neutral\bitint_bend_0003
2025-06-23 18:57:31,675 - INFO - Successfully extracted frames from bitint_bend_0004.mp4 to C:\Users\Trisha\GitHub\Capstone-project-25\extracted_frames\neutral\bitint_bend_0004
2025-06-23 18:57:31,889 - ERROR - Error processing bitint_bend_0005.mp4: Command '['ffmpeg', '-i', 'C:\\Users\\Trisha\\GitHub\\Capstone-project-25\\SPHAR-Dataset\\videos\\neutral\\bitint_bend_0005.mp4', '-vf', 'fps=1', 'C:\\Users\\Trisha\\GitHub\\Capstone-project-25\\extracted_frames\\neutral\\bitint_bend_0005\\frame_%04d.jpg']' returned non-zero exit status 4294967274.
2025-06-23 18:57:32,044 - INFO - Successfully extracted frames from bitint_bend_0006.mp4 to C:\Users\Trisha\GitHub\Capstone-project-25\extracted_frames\neutral\bitint_bend_0006
2025-06-23 18:57:32,186 - INFO - Successfully extracted frames from bitint_bend_0007.mp4 to C:\Users\Trisha\GitHub\Capstone-project-25\extracted_frames\neutral\bitint_bend_0007
2025-06-23 18:57:32,274 - INFO - Successfully extracted frames from bitint_bend_0008.mp4 to C:\Users\Trisha\GitHub\Capstone-project-25\extracted_frames\neutral\bitint_bend_0008
2025-06-23 18:57:32,394 - INFO - Successfully extracted frames from bitint_bend_0009.mp4 to C:\Users\Trisha\GitHub\Capstone-project-25\extracted_frames\neutral\bitint_bend_0009
2025-06-23 18:57:32,507 - INFO - Successfully extracted frames from bitint_bend_0010.mp4 to C:\Users\Trisha\GitHub\Capstone-project-25\extracted_frames\neutral\bitint_bend_0010
2025-06-23 18:57:32,604 - INFO - Successfully extracted frames from bitint_bend_0011.mp4 to C:\Users\Trisha\GitHub\Capstone-project-25\extracted_frames\neutral\bitint_bend_0011
2025-06-23 18:57:32,720 - INFO - Successfully extracted frames from bitint_bend_0012.mp4 to C:\Users\Trisha\GitHub\Capstone-project-25\extracted_frames\neutral\bitint_bend_0012
2025-06-23 18:57:32,838 - INFO - Successfully extracted frames from bitint_bend_0013.mp4 to C:\Users\Trisha\GitHub\Capstone-project-25\extracted_frames\neutral\bitint_bend_0013
2025-06-23 18:57:32,966 - INFO - Successfully extracted frames from bitint_bend_0014.mp4 to C:\Users\Trisha\GitHub\Capstone-project-25\extracted_frames\neutral\bitint_bend_0014
2025-06-23 18:57:33,100 - INFO - Successfully extracted frames from bitint_bend_0015.mp4 to C:\Users\Trisha\GitHub\Capstone-project-25\extracted_frames\neutral\bitint_bend_0015
2025-06-23 19:04:40,449 - INFO - Successfully extracted frames from caviar_Rest_InChair.mp4 to C:\Users\Trisha\GitHub\Capstone-project-25\extracted_frames\normal\sitting\caviar_Rest_InChair
2025-06-23 19:04:40,571 - INFO - Successfully extracted frames from meva_2018-03-07.17-35-00.17-40-00.school.G330_person_sitting_down_0.mp4 to C:\Users\Trisha\GitHub\Capstone-project-25\extracted_frames\normal\sitting\meva_2018-03-07.17-35-00.17-40-00.school.G330_person_sitting_down_0
2025-06-23 19:04:40,663 - INFO - Successfully extracted frames from meva_2018-03-09.10-10-00.10-15-00.school.G330_person_sitting_down_0.mp4 to C:\Users\Trisha\GitHub\Capstone-project-25\extracted_frames\normal\sitting\meva_2018-03-09.10-10-00.10-15-00.school.G330_person_sitting_down_0
2025-06-23 19:04:40,818 - INFO - Successfully extracted frames from meva_2018-03-11.11-25-00.11-30-00.bus.G508_person_sitting_down_0.mp4 to C:\Users\Trisha\GitHub\Capstone-project-25\extracted_frames\normal\sitting\meva_2018-03-11.11-25-00.11-30-00.bus.G508_person_sitting_down_0
2025-06-23 19:04:40,900 - INFO - Successfully extracted frames from meva_2018-03-11.14-20-00.14-25-00.school.G299_person_sitting_down_0.mp4 to C:\Users\Trisha\GitHub\Capstone-project-25\extracted_frames\normal\sitting\meva_2018-03-11.14-20-00.14-25-00.school.G299_person_sitting_down_0
2025-06-23 19:04:41,011 - INFO - Successfully extracted frames from meva_2018-03-11.16-25-00.16-30-00.school.G299_person_sitting_down_0.mp4 to C:\Users\Trisha\GitHub\Capstone-project-25\extracted_frames\normal\sitting\meva_2018-03-11.16-25-00.16-30-00.school.G299_person_sitting_down_0
2025-06-23 19:04:41,125 - INFO - Successfully extracted frames from meva_2018-03-11.16-30-00.16-35-00.school.G330_person_sitting_down_0.mp4 to C:\Users\Trisha\GitHub\Capstone-project-25\extracted_frames\normal\sitting\meva_2018-03-11.16-30-00.16-35-00.school.G330_person_sitting_down_0
2025-06-23 19:04:41,212 - INFO - Successfully extracted frames from meva_2018-03-12.10-40-00.10-45-00.school.G299_person_sitting_down_0.mp4 to C:\Users\Trisha\GitHub\Capstone-project-25\extracted_frames\normal\sitting\meva_2018-03-12.10-40-00.10-45-00.school.G299_person_sitting_down_0
2025-06-23 19:04:41,321 - INFO - Successfully extracted frames from meva_2018-03-12.11-00-00.11-05-00.school.G299_person_sitting_down_0.mp4 to C:\Users\Trisha\GitHub\Capstone-project-25\extracted_frames\normal\sitting\meva_2018-03-12.11-00-00.11-05-00.school.G299_person_sitting_down_0
2025-06-23 19:04:41,424 - INFO - Successfully extracted frames from meva_2018-03-13.16-16-02.16-20-00.school.G421_person_sitting_down_0.mp4 to C:\Users\Trisha\GitHub\Capstone-project-25\extracted_frames\normal\sitting\meva_2018-03-13.16-16-02.16-20-00.school.G421_person_sitting_down_0
2025-06-23 19:04:41,549 - INFO - Successfully extracted frames from meva_2018-03-13.16-25-00.16-26-26.school.G421_person_sitting_down_0.mp4 to C:\Users\Trisha\GitHub\Capstone-project-25\extracted_frames\normal\sitting\meva_2018-03-13.16-25-00.16-26-26.school.G421_person_sitting_down_0
2025-06-23 19:04:41,673 - INFO - Successfully extracted frames from meva_2018-03-13.16-26-28.16-30-00.school.G421_person_sitting_down_0.mp4 to C:\Users\Trisha\GitHub\Capstone-project-25\extracted_frames\normal\sitting\meva_2018-03-13.16-26-28.16-30-00.school.G421_person_sitting_down_0
2025-06-23 19:04:41,794 - INFO - Successfully extracted frames from meva_2018-03-13.16-30-00.16-32-53.school.G421_person_sitting_down_0.mp4 to C:\Users\Trisha\GitHub\Capstone-project-25\extracted_frames\normal\sitting\meva_2018-03-13.16-30-00.16-32-53.school.G421_person_sitting_down_0
2025-06-23 19:04:41,911 - INFO - Successfully extracted frames from meva_2018-03-13.17-16-48.17-20-00.school.G421_person_sitting_down_0.mp4 to C:\Users\Trisha\GitHub\Capstone-project-25\extracted_frames\normal\sitting\meva_2018-03-13.17-16-48.17-20-00.school.G421_person_sitting_down_0
2025-06-23 19:04:42,029 - INFO - Successfully extracted frames from meva_2018-03-13.17-24-36.17-25-00.school.G421_person_sitting_down_0.mp4 to C:\Users\Trisha\GitHub\Capstone-project-25\extracted_frames\normal\sitting\meva_2018-03-13.17-24-36.17-25-00.school.G421_person_sitting_down_0
2025-06-23 19:04:42,223 - INFO - Successfully extracted frames from casia_angleview_p01p02_rob_a1.mp4 to C:\Users\Trisha\GitHub\Capstone-project-25\extracted_frames\anomaly\stealing\casia_angleview_p01p02_rob_a1
2025-06-23 19:04:42,362 - INFO - Successfully extracted frames from casia_angleview_p03p10_rob_a1.mp4 to C:\Users\Trisha\GitHub\Capstone-project-25\extracted_frames\anomaly\stealing\casia_angleview_p03p10_rob_a1
2025-06-23 19:04:42,491 - INFO - Successfully extracted frames from casia_angleview_p04p06_rob_a1.mp4 to C:\Users\Trisha\GitHub\Capstone-project-25\extracted_frames\anomaly\stealing\casia_angleview_p04p06_rob_a1
2025-06-23 19:04:42,634 - INFO - Successfully extracted frames from casia_angleview_p05p06_rob_a1.mp4 to C:\Users\Trisha\GitHub\Capstone-project-25\extracted_frames\anomaly\stealing\casia_angleview_p05p06_rob_a1
2025-06-23 19:04:42,760 - INFO - Successfully extracted frames from casia_horizontalview_p01p02_rob_a1.mp4 to C:\Users\Trisha\GitHub\Capstone-project-25\extracted_frames\anomaly\stealing\casia_horizontalview_p01p02_rob_a1
2025-06-23 19:04:42,868 - INFO - Successfully extracted frames from casia_horizontalview_p04p06_rob_a1.mp4 to C:\Users\Trisha\GitHub\Capstone-project-25\extracted_frames\anomaly\stealing\casia_horizontalview_p04p06_rob_a1
2025-06-23 19:04:43,016 - INFO - Successfully extracted frames from casia_horizontalview_p05p06_rob_a1.mp4 to C:\Users\Trisha\GitHub\Capstone-project-25\extracted_frames\anomaly\stealing\casia_horizontalview_p05p06_rob_a1
2025-06-23 19:04:43,210 - INFO - Successfully extracted frames from casia_topdownview_p01p02_rob_a1.mp4 to C:\Users\Trisha\GitHub\Capstone-project-25\extracted_frames\anomaly\stealing\casia_topdownview_p01p02_rob_a1
2025-06-23 19:04:43,359 - INFO - Successfully extracted frames from casia_topdownview_p03p10_rob_a1.mp4 to C:\Users\Trisha\GitHub\Capstone-project-25\extracted_frames\anomaly\stealing\casia_topdownview_p03p10_rob_a1
2025-06-23 19:04:43,487 - INFO - Successfully extracted frames from casia_topdownview_p04p06_rob_a1.mp4 to C:\Users\Trisha\GitHub\Capstone-project-25\extracted_frames\anomaly\stealing\casia_topdownview_p04p06_rob_a1
2025-06-23 19:04:43,621 - INFO - Successfully extracted frames from casia_topdownview_p05p06_rob_a1.mp4 to C:\Users\Trisha\GitHub\Capstone-project-25\extracted_frames\anomaly\stealing\casia_topdownview_p05p06_rob_a1
2025-06-23 19:04:45,295 - INFO - Successfully extracted frames from livevid_robbery0.mp4 to C:\Users\Trisha\GitHub\Capstone-project-25\extracted_frames\anomaly\stealing\livevid_robbery0
2025-06-23 19:04:46,340 - INFO - Successfully extracted frames from livevid_robbery1.mp4 to C:\Users\Trisha\GitHub\Capstone-project-25\extracted_frames\anomaly\stealing\livevid_robbery1
2025-06-23 19:04:51,127 - INFO - Successfully extracted frames from livevid_robbery2.mp4 to C:\Users\Trisha\GitHub\Capstone-project-25\extracted_frames\anomaly\stealing\livevid_robbery2
2025-06-23 19:04:57,997 - INFO - Successfully extracted frames from livevid_robbery3.mp4 to C:\Users\Trisha\GitHub\Capstone-project-25\extracted_frames\anomaly\stealing\livevid_robbery3
2025-06-23 19:04:58,198 - INFO - Successfully extracted frames from casia_angleview_p02_car_a1.mp4 to C:\Users\Trisha\GitHub\Capstone-project-25\extracted_frames\anomaly\vandalizing\casia_angleview_p02_car_a1
2025-06-23 19:04:58,319 - INFO - Successfully extracted frames from casia_angleview_p08_car_a1.mp4 to C:\Users\Trisha\GitHub\Capstone-project-25\extracted_frames\anomaly\vandalizing\casia_angleview_p08_car_a1
2025-06-23 19:04:58,439 - INFO - Successfully extracted frames from casia_angleview_p09_car_a1.mp4 to C:\Users\Trisha\GitHub\Capstone-project-25\extracted_frames\anomaly\vandalizing\casia_angleview_p09_car_a1
2025-06-23 19:04:58,556 - INFO - Successfully extracted frames from casia_angleview_p24_car_a1.mp4 to C:\Users\Trisha\GitHub\Capstone-project-25\extracted_frames\anomaly\vandalizing\casia_angleview_p24_car_a1
2025-06-23 19:04:58,674 - INFO - Successfully extracted frames from casia_horizontalview_p01_car_a1.mp4 to C:\Users\Trisha\GitHub\Capstone-project-25\extracted_frames\anomaly\vandalizing\casia_horizontalview_p01_car_a1
2025-06-23 19:04:58,831 - INFO - Successfully extracted frames from casia_horizontalview_p02_car_a1.mp4 to C:\Users\Trisha\GitHub\Capstone-project-25\extracted_frames\anomaly\vandalizing\casia_horizontalview_p02_car_a1
2025-06-23 19:04:58,949 - INFO - Successfully extracted frames from casia_horizontalview_p08_car_a1.mp4 to C:\Users\Trisha\GitHub\Capstone-project-25\extracted_frames\anomaly\vandalizing\casia_horizontalview_p08_car_a1
2025-06-23 19:04:59,067 - INFO - Successfully extracted frames from casia_horizontalview_p09_car_a1.mp4 to C:\Users\Trisha\GitHub\Capstone-project-25\extracted_frames\anomaly\vandalizing\casia_horizontalview_p09_car_a1
2025-06-23 19:04:59,176 - INFO - Successfully extracted frames from casia_horizontalview_p24_car_a1.mp4 to C:\Users\Trisha\GitHub\Capstone-project-25\extracted_frames\anomaly\vandalizing\casia_horizontalview_p24_car_a1
2025-06-23 19:04:59,324 - INFO - Successfully extracted frames from casia_topdownview_p01_car_a1.mp4 to C:\Users\Trisha\GitHub\Capstone-project-25\extracted_frames\anomaly\vandalizing\casia_topdownview_p01_car_a1
2025-06-23 19:04:59,479 - INFO - Successfully extracted frames from casia_topdownview_p02_car_a1.mp4 to C:\Users\Trisha\GitHub\Capstone-project-25\extracted_frames\anomaly\vandalizing\casia_topdownview_p02_car_a1
2025-06-23 19:04:59,607 - INFO - Successfully extracted frames from casia_topdownview_p08_car_a1.mp4 to C:\Users\Trisha\GitHub\Capstone-project-25\extracted_frames\anomaly\vandalizing\casia_topdownview_p08_car_a1
2025-06-23 19:04:59,751 - INFO - Successfully extracted frames from casia_topdownview_p09_car_a1.mp4 to C:\Users\Trisha\GitHub\Capstone-project-25\extracted_frames\anomaly\vandalizing\casia_topdownview_p09_car_a1
2025-06-23 19:04:59,875 - INFO - Successfully extracted frames from casia_topdownview_p24_car_a1.mp4 to C:\Users\Trisha\GitHub\Capstone-project-25\extracted_frames\anomaly\vandalizing\casia_topdownview_p24_car_a1
2025-06-23 19:05:00,781 - INFO - Successfully extracted frames from livevid_vandalism.mp4 to C:\Users\Trisha\GitHub\Capstone-project-25\extracted_frames\anomaly\vandalizing\livevid_vandalism
2025-06-23 19:05:00,934 - INFO - Successfully extracted frames from casia_angleview_p01_jump_a1.mp4 to C:\Users\Trisha\GitHub\Capstone-project-25\extracted_frames\normal\running\casia_angleview_p01_jump_a1
2025-06-23 19:05:01,042 - INFO - Successfully extracted frames from casia_angleview_p01_jump_a2.mp4 to C:\Users\Trisha\GitHub\Capstone-project-25\extracted_frames\normal\running\casia_angleview_p01_jump_a2
2025-06-23 19:05:01,146 - INFO - Successfully extracted frames from casia_angleview_p01_run_a1.mp4 to C:\Users\Trisha\GitHub\Capstone-project-25\extracted_frames\normal\running\casia_angleview_p01_run_a1
2025-06-23 19:05:01,249 - INFO - Successfully extracted frames from casia_angleview_p01_run_a2.mp4 to C:\Users\Trisha\GitHub\Capstone-project-25\extracted_frames\normal\running\casia_angleview_p01_run_a2
2025-06-23 19:05:01,354 - INFO - Successfully extracted frames from casia_angleview_p02_jump_a1.mp4 to C:\Users\Trisha\GitHub\Capstone-project-25\extracted_frames\normal\running\casia_angleview_p02_jump_a1
2025-06-23 19:05:01,458 - INFO - Successfully extracted frames from casia_angleview_p02_jump_a2.mp4 to C:\Users\Trisha\GitHub\Capstone-project-25\extracted_frames\normal\running\casia_angleview_p02_jump_a2
2025-06-23 19:05:01,560 - INFO - Successfully extracted frames from casia_angleview_p02_run_a1.mp4 to C:\Users\Trisha\GitHub\Capstone-project-25\extracted_frames\normal\running\casia_angleview_p02_run_a1
2025-06-23 19:05:01,660 - INFO - Successfully extracted frames from casia_angleview_p02_run_a2.mp4 to C:\Users\Trisha\GitHub\Capstone-project-25\extracted_frames\normal\running\casia_angleview_p02_run_a2
2025-06-23 19:05:01,771 - INFO - Successfully extracted frames from casia_angleview_p03_jump_a1.mp4 to C:\Users\Trisha\GitHub\Capstone-project-25\extracted_frames\normal\running\casia_angleview_p03_jump_a1
2025-06-23 19:05:01,881 - INFO - Successfully extracted frames from casia_angleview_p03_jump_a2.mp4 to C:\Users\Trisha\GitHub\Capstone-project-25\extracted_frames\normal\running\casia_angleview_p03_jump_a2
2025-06-23 19:05:01,988 - INFO - Successfully extracted frames from casia_angleview_p03_run_a1.mp4 to C:\Users\Trisha\GitHub\Capstone-project-25\extracted_frames\normal\running\casia_angleview_p03_run_a1
2025-06-23 19:05:02,092 - INFO - Successfully extracted frames from casia_angleview_p03_run_a2.mp4 to C:\Users\Trisha\GitHub\Capstone-project-25\extracted_frames\normal\running\casia_angleview_p03_run_a2
2025-06-23 19:05:02,199 - INFO - Successfully extracted frames from casia_angleview_p04_jump_a1.mp4 to C:\Users\Trisha\GitHub\Capstone-project-25\extracted_frames\normal\running\casia_angleview_p04_jump_a1
2025-06-23 19:05:02,313 - INFO - Successfully extracted frames from casia_angleview_p04_jump_a2.mp4 to C:\Users\Trisha\GitHub\Capstone-project-25\extracted_frames\normal\running\casia_angleview_p04_jump_a2
2025-06-23 19:05:02,413 - INFO - Successfully extracted frames from casia_angleview_p04_run_a1.mp4 to C:\Users\Trisha\GitHub\Capstone-project-25\extracted_frames\normal\running\casia_angleview_p04_run_a1
2025-06-23 19:05:03,086 - INFO - Successfully extracted frames from livevid_crash0.mp4 to C:\Users\Trisha\GitHub\Capstone-project-25\extracted_frames\anomaly\carcrash\livevid_crash0
2025-06-23 19:05:03,722 - INFO - Successfully extracted frames from livevid_crash1.mp4 to C:\Users\Trisha\GitHub\Capstone-project-25\extracted_frames\anomaly\carcrash\livevid_crash1
2025-06-23 19:05:16,995 - INFO - Successfully extracted frames from livevid_crash2.mp4 to C:\Users\Trisha\GitHub\Capstone-project-25\extracted_frames\anomaly\carcrash\livevid_crash2
2025-06-23 19:05:27,975 - INFO - Successfully extracted frames from livevid_crash3.mp4 to C:\Users\Trisha\GitHub\Capstone-project-25\extracted_frames\anomaly\carcrash\livevid_crash3
2025-06-23 19:05:34,677 - INFO - Successfully extracted frames from livevid_crash4.mp4 to C:\Users\Trisha\GitHub\Capstone-project-25\extracted_frames\anomaly\carcrash\livevid_crash4
2025-06-23 19:05:38,826 - INFO - Successfully extracted frames from livevid_crash5.mp4 to C:\Users\Trisha\GitHub\Capstone-project-25\extracted_frames\anomaly\carcrash\livevid_crash5
2025-06-23 19:05:47,376 - INFO - Successfully extracted frames from livevid_crash6.mp4 to C:\Users\Trisha\GitHub\Capstone-project-25\extracted_frames\anomaly\carcrash\livevid_crash6
2025-06-23 19:05:47,610 - INFO - Successfully extracted frames from uccrime_RoadAccidents001_x264.mp4 to C:\Users\Trisha\GitHub\Capstone-project-25\extracted_frames\anomaly\carcrash\uccrime_RoadAccidents001_x264
2025-06-23 19:05:47,779 - INFO - Successfully extracted frames from uccrime_RoadAccidents002_x264.mp4 to C:\Users\Trisha\GitHub\Capstone-project-25\extracted_frames\anomaly\carcrash\uccrime_RoadAccidents002_x264
2025-06-23 19:05:48,026 - INFO - Successfully extracted frames from uccrime_RoadAccidents003_x264.mp4 to C:\Users\Trisha\GitHub\Capstone-project-25\extracted_frames\anomaly\carcrash\uccrime_RoadAccidents003_x264
2025-06-23 19:05:48,149 - INFO - Successfully extracted frames from uccrime_RoadAccidents004_x264.mp4 to C:\Users\Trisha\GitHub\Capstone-project-25\extracted_frames\anomaly\carcrash\uccrime_RoadAccidents004_x264
2025-06-23 19:05:48,242 - INFO - Successfully extracted frames from uccrime_RoadAccidents005_x264.mp4 to C:\Users\Trisha\GitHub\Capstone-project-25\extracted_frames\anomaly\carcrash\uccrime_RoadAccidents005_x264
2025-06-23 19:05:48,494 - INFO - Successfully extracted frames from uccrime_RoadAccidents006_x264.mp4 to C:\Users\Trisha\GitHub\Capstone-project-25\extracted_frames\anomaly\carcrash\uccrime_RoadAccidents006_x264
2025-06-23 19:05:48,895 - INFO - Successfully extracted frames from uccrime_RoadAccidents007_x264.mp4 to C:\Users\Trisha\GitHub\Capstone-project-25\extracted_frames\anomaly\carcrash\uccrime_RoadAccidents007_x264
2025-06-23 19:05:49,157 - INFO - Successfully extracted frames from uccrime_RoadAccidents008_x264.mp4 to C:\Users\Trisha\GitHub\Capstone-project-25\extracted_frames\anomaly\carcrash\uccrime_RoadAccidents008_x264
2025-06-23 19:05:49,280 - INFO - Successfully extracted frames from bitint_kick_0001.mp4 to C:\Users\Trisha\GitHub\Capstone-project-25\extracted_frames\anomaly\kicking\bitint_kick_0001
2025-06-23 19:05:49,388 - INFO - Successfully extracted frames from bitint_kick_0002.mp4 to C:\Users\Trisha\GitHub\Capstone-project-25\extracted_frames\anomaly\kicking\bitint_kick_0002
2025-06-23 19:05:49,494 - INFO - Successfully extracted frames from bitint_kick_0003.mp4 to C:\Users\Trisha\GitHub\Capstone-project-25\extracted_frames\anomaly\kicking\bitint_kick_0003
2025-06-23 19:05:49,550 - ERROR - Error processing bitint_kick_0004.mp4: Command '['ffmpeg', '-i', 'C:\\Users\\Trisha\\GitHub\\Capstone-project-25\\SPHAR-Dataset\\videos\\kicking\\bitint_kick_0004.mp4', '-vf', 'fps=1', 'C:\\Users\\Trisha\\GitHub\\Capstone-project-25\\extracted_frames\\anomaly\\kicking\\bitint_kick_0004\\frame_%04d.jpg']' returned non-zero exit status 4294967274.
2025-06-23 19:05:49,629 - INFO - Successfully extracted frames from bitint_kick_0005.mp4 to C:\Users\Trisha\GitHub\Capstone-project-25\extracted_frames\anomaly\kicking\bitint_kick_0005
2025-06-23 19:05:49,732 - INFO - Successfully extracted frames from bitint_kick_0006.mp4 to C:\Users\Trisha\GitHub\Capstone-project-25\extracted_frames\anomaly\kicking\bitint_kick_0006
2025-06-23 19:05:49,821 - INFO - Successfully extracted frames from bitint_kick_0007.mp4 to C:\Users\Trisha\GitHub\Capstone-project-25\extracted_frames\anomaly\kicking\bitint_kick_0007
2025-06-23 19:05:49,896 - ERROR - Error processing bitint_kick_0008.mp4: Command '['ffmpeg', '-i', 'C:\\Users\\Trisha\\GitHub\\Capstone-project-25\\SPHAR-Dataset\\videos\\kicking\\bitint_kick_0008.mp4', '-vf', 'fps=1', 'C:\\Users\\Trisha\\GitHub\\Capstone-project-25\\extracted_frames\\anomaly\\kicking\\bitint_kick_0008\\frame_%04d.jpg']' returned non-zero exit status 3199971767.
2025-06-23 19:05:49,944 - ERROR - Error processing bitint_kick_0009.mp4: Command '['ffmpeg', '-i', 'C:\\Users\\Trisha\\GitHub\\Capstone-project-25\\SPHAR-Dataset\\videos\\kicking\\bitint_kick_0009.mp4', '-vf', 'fps=1', 'C:\\Users\\Trisha\\GitHub\\Capstone-project-25\\extracted_frames\\anomaly\\kicking\\bitint_kick_0009\\frame_%04d.jpg']' returned non-zero exit status 3199971767.
2025-06-23 19:05:50,080 - INFO - Successfully extracted frames from bitint_kick_0010.mp4 to C:\Users\Trisha\GitHub\Capstone-project-25\extracted_frames\anomaly\kicking\bitint_kick_0010
2025-06-23 19:05:50,189 - INFO - Successfully extracted frames from bitint_kick_0011.mp4 to C:\Users\Trisha\GitHub\Capstone-project-25\extracted_frames\anomaly\kicking\bitint_kick_0011
2025-06-23 19:05:50,305 - INFO - Successfully extracted frames from bitint_kick_0012.mp4 to C:\Users\Trisha\GitHub\Capstone-project-25\extracted_frames\anomaly\kicking\bitint_kick_0012
2025-06-23 19:05:50,426 - INFO - Successfully extracted frames from bitint_kick_0013.mp4 to C:\Users\Trisha\GitHub\Capstone-project-25\extracted_frames\anomaly\kicking\bitint_kick_0013
2025-06-23 19:05:50,552 - INFO - Successfully extracted frames from bitint_kick_0014.mp4 to C:\Users\Trisha\GitHub\Capstone-project-25\extracted_frames\anomaly\kicking\bitint_kick_0014
2025-06-23 19:05:50,677 - INFO - Successfully extracted frames from bitint_kick_0015.mp4 to C:\Users\Trisha\GitHub\Capstone-project-25\extracted_frames\anomaly\kicking\bitint_kick_0015
2025-06-23 19:05:50,837 - INFO - Successfully extracted frames from bitint_bend_0001.mp4 to C:\Users\Trisha\GitHub\Capstone-project-25\extracted_frames\normal\neutral\bitint_bend_0001
2025-06-23 19:05:50,963 - INFO - Successfully extracted frames from bitint_bend_0002.mp4 to C:\Users\Trisha\GitHub\Capstone-project-25\extracted_frames\normal\neutral\bitint_bend_0002
2025-06-23 19:05:51,076 - INFO - Successfully extracted frames from bitint_bend_0003.mp4 to C:\Users\Trisha\GitHub\Capstone-project-25\extracted_frames\normal\neutral\bitint_bend_0003
2025-06-23 19:05:51,197 - INFO - Successfully extracted frames from bitint_bend_0004.mp4 to C:\Users\Trisha\GitHub\Capstone-project-25\extracted_frames\normal\neutral\bitint_bend_0004
2025-06-23 19:05:51,258 - ERROR - Error processing bitint_bend_0005.mp4: Command '['ffmpeg', '-i', 'C:\\Users\\Trisha\\GitHub\\Capstone-project-25\\SPHAR-Dataset\\videos\\neutral\\bitint_bend_0005.mp4', '-vf', 'fps=1', 'C:\\Users\\Trisha\\GitHub\\Capstone-project-25\\extracted_frames\\normal\\neutral\\bitint_bend_0005\\frame_%04d.jpg']' returned non-zero exit status 4294967274.
2025-06-23 19:05:51,379 - INFO - Successfully extracted frames from bitint_bend_0006.mp4 to C:\Users\Trisha\GitHub\Capstone-project-25\extracted_frames\normal\neutral\bitint_bend_0006
2025-06-23 19:05:51,473 - INFO - Successfully extracted frames from bitint_bend_0007.mp4 to C:\Users\Trisha\GitHub\Capstone-project-25\extracted_frames\normal\neutral\bitint_bend_0007
2025-06-23 19:05:51,594 - INFO - Successfully extracted frames from bitint_bend_0008.mp4 to C:\Users\Trisha\GitHub\Capstone-project-25\extracted_frames\normal\neutral\bitint_bend_0008
2025-06-23 19:05:51,732 - INFO - Successfully extracted frames from bitint_bend_0009.mp4 to C:\Users\Trisha\GitHub\Capstone-project-25\extracted_frames\normal\neutral\bitint_bend_0009
2025-06-23 19:05:51,816 - INFO - Successfully extracted frames from bitint_bend_0010.mp4 to C:\Users\Trisha\GitHub\Capstone-project-25\extracted_frames\normal\neutral\bitint_bend_0010
2025-06-23 19:05:51,974 - INFO - Successfully extracted frames from bitint_bend_0011.mp4 to C:\Users\Trisha\GitHub\Capstone-project-25\extracted_frames\normal\neutral\bitint_bend_0011
2025-06-23 19:05:52,099 - INFO - Successfully extracted frames from bitint_bend_0012.mp4 to C:\Users\Trisha\GitHub\Capstone-project-25\extracted_frames\normal\neutral\bitint_bend_0012
2025-06-23 19:05:52,221 - INFO - Successfully extracted frames from bitint_bend_0013.mp4 to C:\Users\Trisha\GitHub\Capstone-project-25\extracted_frames\normal\neutral\bitint_bend_0013
2025-06-23 19:05:52,317 - INFO - Successfully extracted frames from bitint_bend_0014.mp4 to C:\Users\Trisha\GitHub\Capstone-project-25\extracted_frames\normal\neutral\bitint_bend_0014
2025-06-23 19:05:52,440 - INFO - Successfully extracted frames from bitint_bend_0015.mp4 to C:\Users\Trisha\GitHub\Capstone-project-25\extracted_frames\normal\neutral\bitint_bend_0015
